Build started 10/26/2012 6:29:07 PM.
     1>Project "C:\Users\tripgod\Dropbox\cplusplus\GUI-Black-Jack-Preliminaries\JohnnyBlackJackPreliminaries\JohnnyBlackJackPreliminaries\JohnnyBlackJackPreliminaries.vcxproj" on node 2 (build target(s)).
     1>InitializeBuildStatus:
         Creating "Debug\JohnnyBlackJackPreliminaries.unsuccessfulbuild" because "AlwaysCreate" was specified.
       GenerateTargetFrameworkMonikerAttribute:
       Skipping target "GenerateTargetFrameworkMonikerAttribute" because all output files are up-to-date with respect to the input files.
       ClCompile:
         All outputs are up-to-date.
         All outputs are up-to-date.
         All outputs are up-to-date.
       CoreResGen:
         All outputs are up-to-date.
       ResourceCompile:
         All outputs are up-to-date.
       Link:
         All outputs are up-to-date.
         JohnnyBlackJackPreliminaries.vcxproj -> C:\Users\tripgod\Dropbox\cplusplus\GUI-Black-Jack-Preliminaries\JohnnyBlackJackPreliminaries\Debug\JohnnyBlackJackPreliminaries.exe
       FinalizeBuildStatus:
         Deleting file "Debug\JohnnyBlackJackPreliminaries.unsuccessfulbuild".
         Touching "Debug\JohnnyBlackJackPreliminaries.lastbuildstate".
     1>Done Building Project "C:\Users\tripgod\Dropbox\cplusplus\GUI-Black-Jack-Preliminaries\JohnnyBlackJackPreliminaries\JohnnyBlackJackPreliminaries\JohnnyBlackJackPreliminaries.vcxproj" (build target(s)).

Build succeeded.

Time Elapsed 00:00:00.31
